<?xml version="1.0" encoding="UTF-8"?>
<testsuite xmlns:xsi="http://www.w3.org/2001/XMLSchema-instance" xsi:noNamespaceSchemaLocation="https://maven.apache.org/surefire/maven-surefire-plugin/xsd/surefire-test-report.xsd" name="es.ull.flightspassengers.FlightPassengerTest" time="0" tests="5" errors="0" skipped="0" failures="0">
  <properties>
[...]
</properties>
  <testcase name="setFlightTest" classname="es.ull.flightspassengers.FlightPassengerTest" time="0"/>
  <testcase name="addPassengerTest" classname="es.ull.flightspassengers.FlightPassengerTest" time="0"/>
  <testcase name="removePassengerTest" classname="es.ull.flightspassengers.FlightPassengerTest" time="0"/>
  <testcase name="joinFlightTest" classname="es.ull.flightspassengers.FlightPassengerTest" time="0"/>
  <testcase name="getFlightTest" classname="es.ull.flightspassengers.FlightPassengerTest" time="0"/>
</testsuite>