<?xml version="1.0" encoding="UTF-8"?>
<testng-results ignored="0" total="0" passed="0" failed="0" skipped="0">
  <reporter-output>
  </reporter-output>
  <suite started-at="2022-12-17T16:25:18 WET" name="Surefire suite" finished-at="2022-12-17T16:25:18 WET" duration-ms="9">
    <groups>
    </groups>
    <test started-at="2022-12-17T16:25:18 WET" name="Surefire test" finished-at="2022-12-17T16:25:18 WET" duration-ms="9">
    </test> <!-- Surefire test -->
  </suite> <!-- Surefire suite -->
</testng-results>
